0 info it worked if it ends with ok
1 verbose cli [ '/usr/bin/node', '/usr/bin/npm', 'run', 'frontend' ]
2 info using npm@3.5.2
3 info using node@v8.10.0
4 verbose run-script [ 'prefrontend', 'frontend', 'postfrontend' ]
5 info lifecycle flex_project@1.0.0~prefrontend: flex_project@1.0.0
6 silly lifecycle flex_project@1.0.0~prefrontend: no script for prefrontend, continuing
7 info lifecycle flex_project@1.0.0~frontend: flex_project@1.0.0
8 verbose lifecycle flex_project@1.0.0~frontend: unsafe-perm in lifecycle true
9 verbose lifecycle flex_project@1.0.0~frontend: PATH: /usr/share/npm/bin/node-gyp-bin:/home/currysoup/Desktop/SWEETT/node_modules/.bin:/usr/share/npm/bin/node-gyp-bin:/home/currysoup/Desktop/SWEETT/node_modules/.bin:/home/currysoup/.rbenv/shims:/home/currysoup/.rbenv/shims:/home/currysoup/.rbenv/bin:/home/currysoup/.rbenv/shims:/home/currysoup/.rbenv/bin:/home/currysoup/.rbenv/bin:/home/currysoup/.rbenv/bin:/home/currysoup/.rbenv/bin:/home/currysoup/.rbenv/bin:/home/currysoup/.rbenv/bin:/home/currysoup/ .rbenv/bin:/home/currysoup/.rbenv/shims:/home/currysoup/.rbenv/shims:/home/currysoup/.rbenv/bin:/home/currysoup/.rbenv/shims:/home/currysoup/.rbenv/bin:/home/currysoup/.rbenv/bin:/home/currysoup/.rbenv/bin:/home/currysoup/.rbenv/bin:/home/currysoup/.rbenv/bin:/home/currysoup/.rbenv/bin:/home/currysoup/ .rbenv/bin:/home/currysoup/.rbenv/bin:/usr/local/sbin:/usr/local/bin:/usr/sbin:/usr/bin:/sbin:/bin:/usr/games:/usr/local/games:/snap/bin
10 verbose lifecycle flex_project@1.0.0~frontend: CWD: /home/currysoup/Desktop/SWEETT
11 silly lifecycle flex_project@1.0.0~frontend: Args: [ '-c', 'npm start --prefix frontend' ]
12 silly lifecycle flex_project@1.0.0~frontend: Returned: code: 1  signal: null
13 info lifecycle flex_project@1.0.0~frontend: Failed to exec frontend script
14 verbose stack Error: flex_project@1.0.0 frontend: `npm start --prefix frontend`
14 verbose stack Exit status 1
14 verbose stack     at EventEmitter.<anonymous> (/usr/share/npm/lib/utils/lifecycle.js:232:16)
14 verbose stack     at emitTwo (events.js:126:13)
14 verbose stack     at EventEmitter.emit (events.js:214:7)
14 verbose stack     at ChildProcess.<anonymous> (/usr/share/npm/lib/utils/spawn.js:24:14)
14 verbose stack     at emitTwo (events.js:126:13)
14 verbose stack     at ChildProcess.emit (events.js:214:7)
14 verbose stack     at maybeClose (internal/child_process.js:925:16)
14 verbose stack     at Process.ChildProcess._handle.onexit (internal/child_process.js:209:5)
15 verbose pkgid flex_project@1.0.0
16 verbose cwd /home/currysoup/Desktop/SWEETT
17 error Linux 5.3.0-28-generic
18 error argv "/usr/bin/node" "/usr/bin/npm" "run" "frontend"
19 error node v8.10.0
20 error npm  v3.5.2
21 error code ELIFECYCLE
22 error flex_project@1.0.0 frontend: `npm start --prefix frontend`
22 error Exit status 1
23 error Failed at the flex_project@1.0.0 frontend script 'npm start --prefix frontend'.
23 error Make sure you have the latest version of node.js and npm installed.
23 error If you do, this is most likely a problem with the flex_project package,
23 error not with npm itself.
23 error Tell the author that this fails on your system:
23 error     npm start --prefix frontend
23 error You can get information on how to open an issue for this project with:
23 error     npm bugs flex_project
23 error Or if that isn't available, you can get their info via:
23 error     npm owner ls flex_project
23 error There is likely additional logging output above.
24 verbose exit [ 1, true ]
